<?xml version="1.0" encoding="UTF-8"?>
<!-- Generated by org.testng.reporters.JUnitXMLReporter -->
<testsuite ignored="0" hostname="LAPTOP-7A67A8DP" failures="0" tests="3" name="Default test" time="4.967" errors="0" timestamp="2022-09-16T15:03:18 BST">
  <testcase classname="com.qa.computer.test.ComputerTest" name="createComputerTest" time="0.724"/>
  <testcase classname="com.qa.computer.test.ComputerTest" name="searchComputerTest" time="0.315"/>
  <testcase classname="com.qa.computer.test.ComputerTest" name="deleteComputerTest" time="0.904"/>
</testsuite> <!-- Default test -->
