<?xml version="1.0" encoding="UTF-8"?>
<testng-results ignored="0" total="3" passed="3" failed="0" skipped="0">
  <reporter-output>
  </reporter-output>
  <suite started-at="2022-09-16T15:03:13 BST" name="Default suite" finished-at="2022-09-16T15:03:18 BST" duration-ms="4967">
    <groups>
    </groups>
    <test started-at="2022-09-16T15:03:13 BST" name="Default test" finished-at="2022-09-16T15:03:18 BST" duration-ms="4967">
      <class name="com.qa.computer.test.ComputerTest">
        <test-method is-config="true" signature="initiateBrowser()[pri:0, instance:com.qa.computer.test.ComputerTest@5ba3f27a]" started-at="2022-09-16T15:03:13 BST" name="initiateBrowser" finished-at="2022-09-16T15:03:16 BST" duration-ms="2967" status="PASS">
          <reporter-output>
          </reporter-output>
        </test-method> <!-- initiateBrowser -->
        <test-method signature="createComputerTest()[pri:1, instance:com.qa.computer.test.ComputerTest@5ba3f27a]" started-at="2022-09-16T15:03:16 BST" name="createComputerTest" finished-at="2022-09-16T15:03:17 BST" duration-ms="724" status="PASS">
          <reporter-output>
          </reporter-output>
        </test-method> <!-- createComputerTest -->
        <test-method signature="searchComputerTest()[pri:2, instance:com.qa.computer.test.ComputerTest@5ba3f27a]" started-at="2022-09-16T15:03:17 BST" name="searchComputerTest" finished-at="2022-09-16T15:03:17 BST" depends-on-methods="com.qa.computer.test.ComputerTest.createComputerTest" duration-ms="315" status="PASS">
          <reporter-output>
          </reporter-output>
        </test-method> <!-- searchComputerTest -->
        <test-method signature="deleteComputerTest()[pri:3, instance:com.qa.computer.test.ComputerTest@5ba3f27a]" started-at="2022-09-16T15:03:17 BST" name="deleteComputerTest" finished-at="2022-09-16T15:03:18 BST" depends-on-methods="com.qa.computer.test.ComputerTest.createComputerTest" duration-ms="904" status="PASS">
          <reporter-output>
          </reporter-output>
        </test-method> <!-- deleteComputerTest -->
      </class> <!-- com.qa.computer.test.ComputerTest -->
    </test> <!-- Default test -->
  </suite> <!-- Default suite -->
</testng-results>
